<?xml version="1.0" encoding="UTF-8"?>
<!-- Generated by org.testng.reporters.JUnitReportReporter -->
<testsuite hostname="DESKTOP-M2CO299" failures="0" tests="2" name="mavenDemo.InboxDollars" time="224.800" errors="0" timestamp="24 Jan 2019 19:12:20 GMT">
  <testcase classname="mavenDemo.InboxDollars" name="ReadDailyPaidEmail" time="209.036"/>
  <testcase classname="mavenDemo.InboxDollars" name="LoginInboxDollars" time="15.764"/>
</testsuite> <!-- mavenDemo.InboxDollars -->
