<?xml version="1.0" encoding="UTF-8"?>
<!-- Generated by org.testng.reporters.JUnitReportReporter -->
<testsuite hostname="DESKTOP-M2CO299" failures="0" tests="2" name="testng_prac.Testng_annotations" time="0.009" errors="0" timestamp="14 Jan 2019 16:03:46 GMT">
  <testcase classname="testng_prac.Testng_annotations" name="testcase2" time="0.004"/>
  <testcase classname="testng_prac.Testng_annotations" name="testcase1" time="0.005"/>
</testsuite> <!-- testng_prac.Testng_annotations -->
