<?xml version="1.0" encoding="UTF-8"?>
<!-- Generated by org.testng.reporters.JUnitReportReporter -->
<testsuite hostname="DESKTOP-M2CO299" failures="0" tests="2" name="mavenDemo.SendEarnings" time="124.408" errors="0" timestamp="21 Jan 2019 20:37:17 GMT">
  <testcase classname="mavenDemo.SendEarnings" name="ReadDailyPaidEmail" time="109.721"/>
  <testcase classname="mavenDemo.SendEarnings" name="LoginSendEarnings" time="14.687"/>
</testsuite> <!-- mavenDemo.SendEarnings -->
