<?xml version="1.0" encoding="UTF-8"?>
<!-- Generated by org.testng.reporters.JUnitReportReporter -->
<testsuite hostname="DESKTOP-M2CO299" failures="0" tests="1" name="mavenDemo.DatabaseDemo_MySQL" time="1.851" errors="0" timestamp="9 Dec 2018 19:11:00 GMT">
  <testcase classname="mavenDemo.DatabaseDemo_MySQL" name="Database_TestCase" time="1.851"/>
</testsuite> <!-- mavenDemo.DatabaseDemo_MySQL -->
