<?xml version="1.0" encoding="UTF-8"?>
<!-- Generated by org.testng.reporters.JUnitReportReporter -->
<testsuite hostname="DESKTOP-M2CO299" failures="0" tests="3" name="mavenDemo.BrandedSurveys_poll" time="42.348" errors="0" timestamp="24 Jan 2019 18:48:11 GMT">
  <testcase classname="mavenDemo.BrandedSurveys_poll" name="Answer_Poll_GoBrandedSite" time="15.323"/>
  <testcase classname="mavenDemo.BrandedSurveys_poll" name="LogoutBrandedSite" time="4.286"/>
  <testcase classname="mavenDemo.BrandedSurveys_poll" name="LoginBrandedSite" time="22.739"/>
</testsuite> <!-- mavenDemo.BrandedSurveys_poll -->
