<?xml version="1.0" encoding="UTF-8"?>
<!-- Generated by org.testng.reporters.JUnitReportReporter -->
<testsuite hostname="DESKTOP-M2CO299" failures="0" tests="2" name="testng_prac.Param" time="0.016" errors="0" timestamp="14 Jan 2019 16:03:46 GMT">
  <testcase classname="testng_prac.Param" name="parameterTest" time="0.005"/>
  <testcase classname="testng_prac.Param" name="Testcase3" time="0.011"/>
</testsuite> <!-- testng_prac.Param -->
