<?xml version="1.0" encoding="UTF-8"?>
<!-- Generated by org.testng.reporters.JUnitReportReporter -->
<testsuite hostname="DESKTOP-M2CO299" failures="0" tests="1" name="finding_methods.Knowing_methods" time="26.467" errors="0" timestamp="2 Nov 2018 19:19:06 GMT">
  <testcase classname="finding_methods.Knowing_methods" name="SwitchTo_Alerts" time="26.467"/>
</testsuite> <!-- finding_methods.Knowing_methods -->
