<?xml version="1.0" encoding="UTF-8"?>
<!-- Generated by org.testng.reporters.JUnitReportReporter -->
<testsuite hostname="DESKTOP-M2CO299" failures="0" tests="2" name="mavenDemo.MavenDemoClass" time="26.951" errors="0" timestamp="25 Oct 2018 03:29:15 GMT">
  <testcase classname="mavenDemo.MavenDemoClass" name="CloseTestSite" time="0.880"/>
  <testcase classname="mavenDemo.MavenDemoClass" name="OpenTestSite" time="26.071"/>
</testsuite> <!-- mavenDemo.MavenDemoClass -->
